[ 2025-06-29 23:53:55,577 ] 1025 httpx - INFO - HTTP Request: GET https://dagshub.com/api/v1/user "HTTP/1.1 200 OK"
[ 2025-06-29 23:53:55,577 ] 107 dagshub - INFO - Accessing as yashgupta.work.2005
[ 2025-06-29 23:53:56,731 ] 1025 httpx - INFO - HTTP Request: GET https://dagshub.com/api/v1/repos/yashgupta.work.2005/Network_Security "HTTP/1.1 200 OK"
[ 2025-06-29 23:53:57,922 ] 1025 httpx - INFO - HTTP Request: GET https://dagshub.com/api/v1/user "HTTP/1.1 200 OK"
[ 2025-06-29 23:53:57,922 ] 107 dagshub - INFO - Initialized MLflow to track repo "yashgupta.work.2005/Network_Security"
[ 2025-06-29 23:53:57,922 ] 107 dagshub - INFO - Repository yashgupta.work.2005/Network_Security initialized!
[ 2025-06-29 23:53:57,922 ] 20 root - INFO - Initiate the data ingestion
[ 2025-06-29 23:54:05,543 ] 65 root - INFO - Performed train test split on the dataframe
[ 2025-06-29 23:54:05,543 ] 67 root - INFO - Exited split_data_as_train_test method of Data_Ingestion class
[ 2025-06-29 23:54:05,543 ] 75 root - INFO - Exporting train and test file path.
[ 2025-06-29 23:54:05,621 ] 84 root - INFO - Exported train and test file path.
[ 2025-06-29 23:54:05,621 ] 22 root - INFO - Data Initiation Completed
[ 2025-06-29 23:54:05,637 ] 26 root - INFO - Initiate the data Validation
[ 2025-06-29 23:54:05,727 ] 32 root - INFO - Required number of columns:2
[ 2025-06-29 23:54:05,727 ] 33 root - INFO - Data frame has columns:31
[ 2025-06-29 23:54:05,727 ] 32 root - INFO - Required number of columns:2
[ 2025-06-29 23:54:05,727 ] 33 root - INFO - Data frame has columns:31
[ 2025-06-29 23:54:05,913 ] 28 root - INFO - data Validation Completed
[ 2025-06-29 23:54:05,913 ] 31 root - INFO - data Transformation started
[ 2025-06-29 23:54:05,913 ] 63 root - INFO - Entered initiate_data_transformation method of DataTransformation class
[ 2025-06-29 23:54:05,913 ] 65 root - INFO - Starting data transformation
[ 2025-06-29 23:54:05,951 ] 48 root - INFO - Entered get_data_trnasformer_object method of Trnasformation class
[ 2025-06-29 23:54:05,951 ] 53 root - INFO - Initialise KNNImputer with {'missing_values': nan, 'n_neighbors': 3, 'weights': 'uniform'}
[ 2025-06-29 23:54:05,974 ] 46 root - INFO - Entered the save_object method of MainUtils class
[ 2025-06-29 23:54:05,974 ] 50 root - INFO - Exited the save_object method of MainUtils class
[ 2025-06-29 23:54:05,974 ] 46 root - INFO - Entered the save_object method of MainUtils class
[ 2025-06-29 23:54:05,974 ] 50 root - INFO - Exited the save_object method of MainUtils class
[ 2025-06-29 23:54:05,989 ] 35 root - INFO - data Transformation completed
[ 2025-06-29 23:54:05,990 ] 37 root - INFO - Model Training sstared
[ 2025-06-30 00:00:09,302 ] 46 root - INFO - Entered the save_object method of MainUtils class
[ 2025-06-30 00:00:09,333 ] 50 root - INFO - Exited the save_object method of MainUtils class
[ 2025-06-30 00:00:09,333 ] 46 root - INFO - Entered the save_object method of MainUtils class
[ 2025-06-30 00:00:09,348 ] 50 root - INFO - Exited the save_object method of MainUtils class
[ 2025-06-30 00:00:09,348 ] 115 root - INFO - Model trainer artifact: ModelTrainerArtifact(trained_model_file_path='Artifacts\\06_29_2025_23_53_50\\model_trainer\\trained_model\\model.pkl', train_metric_artifact=ClassificationMetricArtifact(f1_score=0.9915339649264261, precision_score=0.9889425010052272, recall_score=0.9941390460792239), test_metric_artifact=ClassificationMetricArtifact(f1_score=0.9687756778964667, precision_score=0.9624489795918367, recall_score=0.9751861042183623))
[ 2025-06-30 00:00:09,348 ] 42 root - INFO - Model Training artifact created
